<?xml version="1.0" encoding="UTF-8"?>
<!-- Generated by org.testng.reporters.JUnitReportReporter -->
<testsuite hostname="DEVWIN720" name="applicationTest.LoginAppTest" tests="1" failures="0" timestamp="20 Oct 2016 05:11:07 GMT" time="3.787" errors="0">
  <testcase name="loginToAppTest" time="3.787" classname="applicationTest.LoginAppTest"/>
</testsuite> <!-- applicationTest.LoginAppTest -->
