<?xml version="1.0" encoding="UTF-8"?>
<!-- Generated by org.testng.reporters.JUnitReportReporter -->
<testsuite hostname="DEVWIN720" name="applicationTest.LoginAppTest" tests="1" failures="0" timestamp="24 Oct 2016 04:02:23 GMT" time="12.536" errors="0">
  <testcase name="loginToAppTest" time="12.536" classname="applicationTest.LoginAppTest"/>
</testsuite> <!-- applicationTest.LoginAppTest -->
