<?xml version="1.0" encoding="UTF-8"?>
<!-- Generated by org.testng.reporters.JUnitReportReporter -->
<testsuite hostname="DEVWIN720" name="applicationTest.LoginAppTest" tests="1" failures="0" timestamp="19 Oct 2016 12:11:52 GMT" time="8.701" errors="0">
  <testcase name="loginToAppTest" time="8.701" classname="applicationTest.LoginAppTest"/>
</testsuite> <!-- applicationTest.LoginAppTest -->
